2014-11-15 21:29:43.991+0000 INFO  [org.neo4j]: You are using an unsupported version of the Java runtime. Please use Oracle(R) Java(TM) Runtime Environment 7 or OpenJDK(TM) 7.
2014-11-15 21:29:44.363+0000 INFO  [org.neo4j]: No locking implementation specified, defaulting to 'community'
2014-11-15 21:29:44.678+0000 INFO  [org.neo4j]: --- INITIALIZED diagnostics START ---
2014-11-15 21:29:44.680+0000 INFO  [org.neo4j]: Neo4j Kernel properties:
    neostore.propertystore.db.strings.mapped_memory=563M
    ephemeral=false
    neostore.nodestore.db.mapped_memory=184M
    store_dir=./DBData
    neostore.propertystore.db.arrays.mapped_memory=639M
    neostore.propertystore.db.mapped_memory=663M
    neostore.relationshipstore.db.mapped_memory=812M
2014-11-15 21:29:44.714+0000 INFO  [org.neo4j]: Diagnostics providers:
    org.neo4j.kernel.configuration.Config
    org.neo4j.kernel.info.DiagnosticsManager
    SYSTEM_MEMORY
    JAVA_MEMORY
    OPERATING_SYSTEM
    JAVA_VIRTUAL_MACHINE
    CLASSPATH
    LIBRARY_PATH
    SYSTEM_PROPERTIES
    NETWORK
2014-11-15 21:29:44.715+0000 INFO  [org.neo4j]: System memory information:
    Total Physical memory: 8.00 GB
    Free Physical memory: 448.40 MB
    Committed virtual memory: 5.76 GB
    Total swap space: 1.00 GB
    Free swap space: 815.25 MB
2014-11-15 21:29:44.740+0000 INFO  [org.neo4j]: JVM memory information:
    Free  memory: 108.33 MB
    Total memory: 123.00 MB
    Max   memory: 1.78 GB
    Garbage Collector: PS Scavenge: [PS Eden Space, PS Survivor Space]
    Garbage Collector: PS MarkSweep: [PS Eden Space, PS Survivor Space, PS Old Gen]
    Memory Pool: Code Cache (Non-heap memory): committed=3.31 MB, used=3.27 MB, max=240.00 MB, threshold=0.00 B
    Memory Pool: Metaspace (Non-heap memory): committed=10.75 MB, used=10.24 MB, max=-1.00 B, threshold=0.00 B
    Memory Pool: Compressed Class Space (Non-heap memory): committed=1.50 MB, used=1.34 MB, max=1.00 GB, threshold=0.00 B
    Memory Pool: PS Eden Space (Heap memory): committed=32.50 MB, used=10.34 MB, max=672.50 MB, threshold=?
    Memory Pool: PS Survivor Space (Heap memory): committed=5.00 MB, used=4.45 MB, max=5.00 MB, threshold=?
    Memory Pool: PS Old Gen (Heap memory): committed=85.50 MB, used=24.00 kB, max=1.33 GB, threshold=0.00 B
2014-11-15 21:29:44.791+0000 INFO  [org.neo4j]: Operating system information:
    Operating System: Mac OS X; version: 10.10; arch: x86_64; cpus: 4
    Max number of file descriptors: 10240
    Number of open file descriptors: 256
    Process id: 7899@Phiphys-MacBook-Pro.local
    Byte order: LITTLE_ENDIAN
    Local timezone: America/New_York
2014-11-15 21:29:44.799+0000 INFO  [org.neo4j]: JVM information:
    VM Name: Java HotSpot(TM) 64-Bit Server VM
    VM Vendor: Oracle Corporation
    VM Version: 25.25-b02
    JIT compiler: HotSpot 64-Bit Tiered Compilers
    VM Arguments: [-Dfile.encoding=UTF-8]
2014-11-15 21:29:44.802+0000 INFO  [org.neo4j]: Java classpath:
     [bootstrap] /Library/Java/JavaVirtualMachines/jdk1.8.0_25.jdk/Contents/Home/jre/lib/rt.jar
     [classpath + loader.0] file:/Users/Phiphy/Library/Java/apache-tomee-plume-1.7.1/lib/activemq-broker-5.10.0.jar
     [classpath + loader.0] file:/Users/Phiphy/.m2/repository/commons-pool/commons-pool/1.5.7/commons-pool-1.5.7.jar
     [classpath + loader.0] file:/Users/Phiphy/.m2/repository/commons-io/commons-io/1.3.2/commons-io-1.3.2.jar
     [classpath + loader.0] file:/Users/Phiphy/.m2/repository/com/rabbitmq/amqp-client/3.4.1/amqp-client-3.4.1.jar
     [classpath + loader.0] file:/Users/Phiphy/Library/Java/apache-tomee-plume-1.7.1/lib/commons-lang-2.6.jar
     [classpath + loader.0] file:/Users/Phiphy/Library/Java/apache-tomee-plume-1.7.1/lib/jsp-api.jar
     [bootstrap] /Library/Java/JavaVirtualMachines/jdk1.8.0_25.jdk/Contents/Home/jre/lib/jfr.jar
     [classpath + loader.0] file:/Users/Phiphy/.m2/repository/org/apache/bval/bval-core/0.5/bval-core-0.5.jar
     [classpath + loader.0] file:/Users/Phiphy/Library/Java/apache-tomee-plume-1.7.1/lib/mbean-annotation-api-4.7.1.jar
     [classpath + loader.0] file:/Users/Phiphy/Library/Java/apache-tomee-plume-1.7.1/lib/cxf-rt-core-2.6.14.jar
     [classpath + loader.0] file:/Users/Phiphy/Library/Java/apache-tomee-plume-1.7.1/lib/quartz-openejb-shade-2.2.1.jar
     [classpath + loader.0] file:/Users/Phiphy/Library/Java/apache-tomee-plume-1.7.1/lib/tomee-webapp-1.7.1.jar
     [classpath + loader.0] file:/Users/Phiphy/.m2/repository/org/apache/commons/commons-lang3/3.3.2/commons-lang3-3.3.2.jar
     [bootstrap] /Library/Java/JavaVirtualMachines/jdk1.8.0_25.jdk/Contents/Home/jre/classes
     [classpath + loader.0] file:/Users/Phiphy/Library/Java/apache-tomee-plume-1.7.1/lib/activemq-client-5.10.0.jar
     [classpath + loader.0] file:/Users/Phiphy/.m2/repository/org/neo4j/neo4j-jmx/2.1.5/neo4j-jmx-2.1.5.jar
     [classpath + loader.0] file:/Users/Phiphy/Library/Java/apache-tomee-plume-1.7.1/lib/eclipselink-2.4.2.jar
     [classpath + loader.0] file:/Users/Phiphy/.m2/repository/javax/servlet/servlet-api/3.0-alpha-1/servlet-api-3.0-alpha-1.jar
     [classpath + loader.0] file:/Users/Phiphy/.m2/repository/commons-dbcp/commons-dbcp/1.4/commons-dbcp-1.4.jar
     [loader.1] file:/Library/Java/JavaVirtualMachines/jdk1.8.0_25.jdk/Contents/Home/jre/lib/ext/sunjce_provider.jar
     [classpath + loader.0] file:/Users/Phiphy/Library/Java/apache-tomee-plume-1.7.1/lib/swizzle-stream-1.6.2.jar
     [classpath + loader.0] file:/Users/Phiphy/Library/Java/apache-tomee-plume-1.7.1/lib/opensaml-2.5.1-1.jar
     [classpath + loader.0] file:/Users/Phiphy/Library/Java/apache-tomee-plume-1.7.1/lib/tomcat7-websocket.jar
     [classpath + loader.0] file:/Users/Phiphy/Library/Java/apache-tomee-plume-1.7.1/lib/tomee-loader-1.7.1.jar
     [loader.1] file:/Library/Java/JavaVirtualMachines/jdk1.8.0_25.jdk/Contents/Home/jre/lib/ext/localedata.jar
     [classpath + loader.0] file:/Users/Phiphy/Library/Java/apache-tomee-plume-1.7.1/lib/xbean-bundleutils-4.0.jar
     [classpath + loader.0] file:/Users/Phiphy/Library/Java/apache-tomee-plume-1.7.1/lib/bval-core-0.5.jar
     [classpath + loader.0] file:/Users/Phiphy/Library/Java/apache-tomee-plume-1.7.1/lib/tomcat-dbcp.jar
     [classpath + loader.0] file:/Users/Phiphy/Library/Java/apache-tomee-plume-1.7.1/lib/openejb-webservices-4.7.1.jar
     [classpath + loader.0] file:/Users/Phiphy/.m2/repository/org/apache/httpcomponents/httpclient/4.3.5/httpclient-4.3.5.jar
     [classpath + loader.0] file:/Users/Phiphy/Library/Java/apache-tomee-plume-1.7.1/lib/mimepull-1.7.jar
     [classpath + loader.0] file:/Users/Phiphy/Library/Java/apache-tomee-plume-1.7.1/lib/cxf-api-2.6.14.jar
     [classpath + loader.0] file:/Users/Phiphy/Library/Java/apache-tomee-plume-1.7.1/lib/cxf-rt-databinding-jaxb-2.6.14.jar
     [loader.1] file:/Library/Java/JavaVirtualMachines/jdk1.8.0_25.jdk/Contents/Home/jre/lib/ext/cldrdata.jar
     [classpath + loader.0] file:/Users/Phiphy/.m2/repository/commons-collections/commons-collections/3.2.1/commons-collections-3.2.1.jar
     [classpath + loader.0] file:/Users/Phiphy/.m2/repository/org/apache/geronimo/specs/geronimo-jta_1.1_spec/1.1.1/geronimo-jta_1.1_spec-1.1.1.jar
     [classpath + loader.0] file:/Users/Phiphy/Library/Java/apache-tomee-plume-1.7.1/lib/jettison-1.3.4.jar
     [loader.1] file:/System/Library/Java/Extensions/j3daudio.jar
     [classpath + loader.0] file:/Users/Phiphy/Library/Java/apache-tomee-plume-1.7.1/lib/tomcat-coyote.jar
     [loader.1] file:/System/Library/Java/Extensions/j3dutils.jar
     [loader.1] file:/System/Library/Java/Extensions/jai_codec.jar
     [classpath + loader.0] file:/Users/Phiphy/Library/Java/apache-tomee-plume-1.7.1/lib/xmlschema-core-2.0.3.jar
     [classpath + loader.0] file:/Users/Phiphy/Library/Java/apache-tomee-plume-1.7.1/lib/sxc-runtime-0.8.jar
     [classpath + loader.0] file:/Users/Phiphy/Library/Java/apache-tomee-plume-1.7.1/lib/xbean-finder-shaded-4.0.jar
     [classpath + loader.0] file:/Users/Phiphy/Library/Java/apache-tomee-plume-1.7.1/lib/slf4j-jdk14-1.7.7.jar
     [classpath + loader.0] file:/Users/Phiphy/Library/Java/apache-tomee-plume-1.7.1/lib/commonj.sdo-2.1.1.jar
     [classpath + loader.0] file:/Users/Phiphy/.m2/repository/org/apache/openejb/openejb-loader/4.7.1/openejb-loader-4.7.1.jar
     [classpath + loader.0] file:/Users/Phiphy/.m2/repository/com/sun/istack/istack-commons-runtime/2.16/istack-commons-runtime-2.16.jar
     [classpath + loader.0] file:/Users/Phiphy/Library/Java/apache-tomee-plume-1.7.1/lib/openwebbeans-jsf-1.2.6.jar
     [classpath + loader.0] file:/Users/Phiphy/.m2/repository/org/apache/openejb/mbean-annotation-api/4.7.1/mbean-annotation-api-4.7.1.jar
     [classpath + loader.0] file:/Users/Phiphy/.m2/repository/org/neo4j/neo4j-primitive-collections/2.1.5/neo4j-primitive-collections-2.1.5.jar
     [classpath + loader.0] file:/Users/Phiphy/Library/Java/apache-tomee-plume-1.7.1/lib/saaj-impl-1.3.18.jar
     [loader.1] file:/System/Library/Java/Extensions/libmlib_jai.jnilib
     [classpath + loader.0] file:/Users/Phiphy/.m2/repository/org/parboiled/parboiled-core/1.1.6/parboiled-core-1.1.6.jar
     [classpath + loader.0] file:/Users/Phiphy/.m2/repository/org/apache/openejb/tomee-util/1.7.1/tomee-util-1.7.1.jar
     [classpath + loader.0] file:/Users/Phiphy/.m2/repository/org/apache/openejb/javaee-api/6.0-6/javaee-api-6.0-6.jar
     [classpath + loader.0] file:/Users/Phiphy/.m2/repository/org/apache/openejb/openejb-jee/4.7.1/openejb-jee-4.7.1.jar
     [classpath + loader.0] file:/Users/Phiphy/.m2/repository/org/neo4j/neo4j-cypher-compiler-2.0/2.0.3/neo4j-cypher-compiler-2.0-2.0.3.jar
     [classpath + loader.0] file:/Users/Phiphy/Library/Java/apache-tomee-plume-1.7.1/lib/openejb-jstl-1.2.jar
     [classpath + loader.0] file:/Users/Phiphy/Library/Java/apache-tomee-plume-1.7.1/lib/openejb-ejbd-4.7.1.jar
     [classpath + loader.0] file:/Users/Phiphy/.m2/repository/org/apache/openejb/shade/quartz-openejb-shade/2.2.1/quartz-openejb-shade-2.2.1.jar
     [classpath + loader.0] file:/Users/Phiphy/.m2/repository/org/apache/xbean/xbean-naming/4.0/xbean-naming-4.0.jar
     [classpath + loader.0] file:/Users/Phiphy/.m2/repository/commons-logging/commons-logging/1.1.3/commons-logging-1.1.3.jar
     [loader.1] file:/System/Library/Java/Extensions/jai_core.jar
     [bootstrap] /Library/Java/JavaVirtualMachines/jdk1.8.0_25.jdk/Contents/Home/jre/lib/sunrsasign.jar
     [classpath + loader.0] file:/Users/Phiphy/.m2/repository/org/codehaus/swizzle/swizzle-stream/1.6.2/swizzle-stream-1.6.2.jar
     [classpath + loader.0] file:/Users/Phiphy/Library/Java/apache-tomee-plume-1.7.1/lib/openejb-cxf-transport-4.7.1.jar
     [classpath + loader.0] file:/Users/Phiphy/Library/Java/apache-tomee-plume-1.7.1/lib/commons-pool-1.5.7.jar
     [classpath + loader.0] file:/Users/Phiphy/.m2/repository/org/apache/activemq/activemq-jdbc-store/5.10.0/activemq-jdbc-store-5.10.0.jar
     [classpath + loader.0] file:/Users/Phiphy/Library/Java/apache-tomee-plume-1.7.1/lib/cxf-rt-bindings-soap-2.6.14.jar
     [classpath + loader.0] file:/Users/Phiphy/.m2/repository/org/apache/geronimo/components/geronimo-transaction/3.1.1/geronimo-transaction-3.1.1.jar
     [classpath + loader.0] file:/Users/Phiphy/Library/Java/apache-tomee-plume-1.7.1/lib/openwebbeans-ee-common-1.2.6.jar
     [classpath + loader.0] file:/Users/Phiphy/Library/Java/apache-tomee-plume-1.7.1/lib/tomee-jaxrs-1.7.1.jar
     [classpath + loader.0] file:/Users/Phiphy/Library/Java/apache-tomee-plume-1.7.1/lib/wss4j-1.6.15.jar
     [classpath + loader.0] file:/Users/Phiphy/Library/Java/apache-tomee-plume-1.7.1/lib/istack-commons-runtime-2.16.jar
     [classpath + loader.0] file:/Users/Phiphy/Library/Java/apache-tomee-plume-1.7.1/lib/cxf-rt-rs-security-cors-2.6.14.jar
     [classpath + loader.0] file:/Users/Phiphy/.m2/repository/org/neo4j/neo4j-udc/2.1.5/neo4j-udc-2.1.5.jar
     [classpath + loader.0] file:/Users/Phiphy/Library/Java/apache-tomee-plume-1.7.1/lib/commons-digester-1.8.jar
     [classpath + loader.0] file:/Users/Phiphy/Library/Java/apache-tomee-plume-1.7.1/lib/xml-resolver-1.2.jar
     [loader.1] file:/System/Library/Java/Extensions/libJ3D.jnilib
     [classpath + loader.0] file:/Users/Phiphy/Library/Java/apache-tomee-plume-1.7.1/lib/sxc-jaxb-core-0.8.jar
     [classpath + loader.0] file:/Users/Phiphy/Library/Java/apache-tomee-plume-1.7.1/lib/tomcat-api.jar
     [classpath + loader.0] file:/Users/Phiphy/Library/Java/apache-tomee-plume-1.7.1/lib/commons-beanutils-core-1.8.3.jar
     [classpath + loader.0] file:/Users/Phiphy/Library/Java/apache-tomee-plume-1.7.1/lib/joda-time-1.6.2.jar
     [classpath + loader.0] file:/Users/Phiphy/Library/Java/apache-tomee-plume-1.7.1/lib/tomcat-i18n-ja.jar
     [classpath + loader.0] file:/Users/Phiphy/.m2/repository/org/apache/activemq/activemq-ra/5.10.0/activemq-ra-5.10.0.jar
     [classpath + loader.0] file:/Users/Phiphy/.m2/repository/org/apache/openwebbeans/openwebbeans-impl/1.2.6/openwebbeans-impl-1.2.6.jar
     [classpath + loader.0] file:/Users/Phiphy/Library/Java/apache-tomee-plume-1.7.1/lib/openejb-cxf-rs-4.7.1.jar
     [classpath + loader.0] file:/Users/Phiphy/Library/Java/apache-tomee-plume-1.7.1/lib/openejb-jpa-integration-4.7.1.jar
     [classpath + loader.0] file:/Users/Phiphy/Library/Java/apache-tomee-plume-1.7.1/lib/catalina-ant.jar
     [classpath + loader.0] file:/Users/Phiphy/Library/Java/apache-tomee-plume-1.7.1/lib/commons-collections-3.2.1.jar
     [classpath + loader.0] file:/Users/Phiphy/.m2/repository/org/fusesource/hawtbuf/hawtbuf/1.10/hawtbuf-1.10.jar
     [classpath + loader.0] file:/Applications/eclipse/configuration/org.eclipse.osgi/359/0/.cp/
     [bootstrap] /Library/Java/JavaVirtualMachines/jdk1.8.0_25.jdk/Contents/Home/jre/lib/resources.jar
     [bootstrap] /Library/Java/JavaVirtualMachines/jdk1.8.0_25.jdk/Contents/Home/jre/lib/charsets.jar
     [classpath + loader.0] file:/Users/Phiphy/Library/Java/apache-tomee-plume-1.7.1/lib/openejb-jee-accessors-4.7.1.jar
     [classpath + loader.0] file:/Users/Phiphy/.m2/repository/com/google/code/gson/gson/2.3/gson-2.3.jar
     [classpath + loader.0] file:/Users/Phiphy/Library/Java/apache-tomee-plume-1.7.1/lib/openejb-api-4.7.1.jar
     [classpath + loader.0] file:/Users/Phiphy/Documents/courses/CS/OOSE/NeverEatAlone/project/NeverEatAlone/Codebase/Server/target/classes/
     [classpath + loader.0] file:/Users/Phiphy/.m2/repository/org/metatype/sxc/sxc-jaxb-core/0.8/sxc-jaxb-core-0.8.jar
     [classpath + loader.0] file:/Users/Phiphy/Library/Java/apache-tomee-plume-1.7.1/lib/cxf-rt-transports-http-2.6.14.jar
     [loader.1] file:/System/Library/Java/Extensions/dns_sd.jar
     [loader.1] file:/System/Library/Java/Extensions/MRJToolkit.jar
     [classpath + loader.0] file:/Users/Phiphy/Library/Java/apache-tomee-plume-1.7.1/lib/openejb-hsql-4.7.1.jar
     [classpath + loader.0] file:/Users/Phiphy/Library/Java/apache-tomee-plume-1.7.1/lib/xmltooling-1.3.2-1.jar
     [classpath + loader.0] file:/Users/Phiphy/.m2/repository/commons-cli/commons-cli/1.2/commons-cli-1.2.jar
     [classpath + loader.0] file:/Users/Phiphy/Library/Java/apache-tomee-plume-1.7.1/lib/slf4j-api-1.7.7.jar
     [classpath + loader.0] file:/Users/Phiphy/.m2/repository/org/apache/openwebbeans/openwebbeans-ee-common/1.2.6/openwebbeans-ee-common-1.2.6.jar
     [classpath + loader.0] file:/Users/Phiphy/Library/Java/apache-tomee-plume-1.7.1/lib/javax.faces-2.1.29.jar
     [classpath + loader.0] file:/Users/Phiphy/.m2/repository/org/neo4j/neo4j-cypher-compiler-2.1/2.1.5/neo4j-cypher-compiler-2.1-2.1.5.jar
     [classpath + loader.0] file:/Users/Phiphy/Library/Java/apache-tomee-plume-1.7.1/lib/openjpa-2.4.0-nonfinal-1598334.jar
     [loader.1] file:/System/Library/Java/Extensions/mlibwrapper_jai.jar
     [classpath + loader.0] file:/Users/Phiphy/Library/Java/apache-tomee-plume-1.7.1/lib/tomee-catalina-1.7.1.jar
     [loader.1] file:/Library/Java/JavaVirtualMachines/jdk1.8.0_25.jdk/Contents/Home/jre/lib/ext/dnsns.jar
     [classpath + loader.0] file:/Users/Phiphy/.m2/repository/commons-codec/commons-codec/1.6/commons-codec-1.6.jar
     [loader.1] file:/System/Library/Java/Extensions/libJ3DUtils.jnilib
     [classpath + loader.0] file:/Users/Phiphy/.m2/repository/com/sun/xml/bind/jaxb-core/2.2.7/jaxb-core-2.2.7.jar
     [classpath + loader.0] file:/Users/Phiphy/.m2/repository/org/hamcrest/hamcrest-core/1.3/hamcrest-core-1.3.jar
     [classpath + loader.0] file:/Users/Phiphy/.m2/repository/org/apache/xbean/xbean-asm5-shaded/4.0/xbean-asm5-shaded-4.0.jar
     [classpath + loader.0] file:/Users/Phiphy/.m2/repository/org/slf4j/slf4j-api/1.7.7/slf4j-api-1.7.7.jar
     [classpath + loader.0] file:/Users/Phiphy/Library/Java/apache-tomee-plume-1.7.1/lib/xbean-naming-4.0.jar
     [classpath + loader.0] file:/Users/Phiphy/Library/Java/apache-tomee-plume-1.7.1/lib/tomee-jdbc-1.7.1.jar
     [loader.1] file:/System/Library/Java/Extensions/AppleScriptEngine.jar
     [classpath + loader.0] file:/Users/Phiphy/Library/Java/apache-tomee-plume-1.7.1/lib/catalina.jar
     [classpath + loader.0] file:/Users/Phiphy/.m2/repository/org/apache/openejb/patch/openjpa/2.4.0-nonfinal-1598334/openjpa-2.4.0-nonfinal-1598334.jar
     [classpath + loader.0] file:/Users/Phiphy/Library/Java/apache-tomee-plume-1.7.1/lib/xmlsec-1.5.6.jar
     [classpath + loader.0] file:/Users/Phiphy/Library/Java/apache-tomee-plume-1.7.1/lib/tomee-common-1.7.1.jar
     [classpath + loader.0] file:/Users/Phiphy/.m2/repository/org/apache/xbean/xbean-reflect/4.0/xbean-reflect-4.0.jar
     [classpath + loader.0] file:/Users/Phiphy/.m2/repository/org/apache/xbean/xbean-finder-shaded/4.0/xbean-finder-shaded-4.0.jar
     [classpath + loader.0] file:/Users/Phiphy/Library/Java/apache-tomee-plume-1.7.1/lib/xbean-reflect-4.0.jar
     [classpath + loader.0] file:/Users/Phiphy/.m2/repository/org/apache/openwebbeans/openwebbeans-ee/1.2.6/openwebbeans-ee-1.2.6.jar
     [classpath + loader.0] file:/Users/Phiphy/Library/Java/apache-tomee-plume-1.7.1/lib/commons-dbcp-1.4.jar
     [classpath + loader.0] file:/Users/Phiphy/.m2/repository/com/sun/xml/fastinfoset/FastInfoset/1.2.12/FastInfoset-1.2.12.jar
     [classpath + loader.0] file:/Users/Phiphy/Library/Java/apache-tomee-plume-1.7.1/lib/hsqldb-2.3.2.jar
     [classpath + loader.0] file:/Users/Phiphy/.m2/repository/org/apache/openwebbeans/openwebbeans-spi/1.2.6/openwebbeans-spi-1.2.6.jar
     [loader.1] file:/usr/lib/java/libjdns_sd.jnilib
     [classpath + loader.0] file:/Users/Phiphy/.m2/repository/org/apache/geronimo/javamail/geronimo-javamail_1.4_mail/1.8.3/geronimo-javamail_1.4_mail-1.8.3.jar
     [classpath + loader.0] file:/Users/Phiphy/Library/Java/apache-tomee-plume-1.7.1/lib/woodstox-core-asl-4.2.1.jar
     [classpath + loader.0] file:/Users/Phiphy/.m2/repository/org/apache/openwebbeans/openwebbeans-web/1.2.6/openwebbeans-web-1.2.6.jar
     [classpath + loader.0] file:/Users/Phiphy/Library/Java/apache-tomee-plume-1.7.1/lib/cxf-rt-ws-addr-2.6.14.jar
     [classpath + loader.0] file:/Users/Phiphy/Library/Java/apache-tomee-plume-1.7.1/lib/cxf-rt-management-2.6.14.jar
     [classpath + loader.0] file:/Users/Phiphy/.m2/repository/org/apache/lucene/lucene-core/3.6.2/lucene-core-3.6.2.jar
     [classpath + loader.0] file:/Users/Phiphy/.m2/repository/org/apache/geronimo/specs/geronimo-j2ee-connector_1.6_spec/1.0/geronimo-j2ee-connector_1.6_spec-1.0.jar
     [classpath + loader.0] file:/Users/Phiphy/Library/Java/apache-tomee-plume-1.7.1/lib/howl-1.0.1-1.jar
     [classpath + loader.0] file:/Users/Phiphy/Library/Java/apache-tomee-plume-1.7.1/lib/tomee-webservices-1.7.1.jar
     [classpath + loader.0] file:/Users/Phiphy/Library/Java/apache-tomee-plume-1.7.1/lib/geronimo-connector-3.1.1.jar
     [loader.1] file:/Library/Java/JavaVirtualMachines/jdk1.8.0_25.jdk/Contents/Home/jre/lib/ext/nashorn.jar
     [classpath + loader.0] file:/Users/Phiphy/Library/Java/apache-tomee-plume-1.7.1/lib/commons-codec-1.9.jar
     [classpath + loader.0] file:/Users/Phiphy/Library/Java/apache-tomee-plume-1.7.1/lib/geronimo-transaction-3.1.1.jar
     [classpath + loader.0] file:/Users/Phiphy/Library/Java/apache-tomee-plume-1.7.1/lib/jaxb-impl.jar
     [classpath + loader.0] file:/Users/Phiphy/Library/Java/apache-tomee-plume-1.7.1/lib/serp-1.14.1.jar
     [classpath + loader.0] file:/Users/Phiphy/.m2/repository/org/slf4j/slf4j-jdk14/1.7.7/slf4j-jdk14-1.7.7.jar
     [classpath + loader.0] file:/Users/Phiphy/.m2/repository/net/sourceforge/serp/serp/1.14.1/serp-1.14.1.jar
     [classpath + loader.0] file:/Users/Phiphy/Library/Java/apache-tomee-plume-1.7.1/lib/openwebbeans-web-1.2.6.jar
     [classpath + loader.0] file:/Users/Phiphy/.m2/repository/org/neo4j/neo4j-graph-algo/2.1.5/neo4j-graph-algo-2.1.5.jar
     [classpath + loader.0] file:/Users/Phiphy/Library/Java/apache-tomee-plume-1.7.1/lib/commons-cli-1.2.jar
     [loader.1] file:/Library/Java/JavaVirtualMachines/jdk1.8.0_25.jdk/Contents/Home/jre/lib/ext/sunec.jar
     [classpath + loader.0] file:/Users/Phiphy/Library/Java/apache-tomee-plume-1.7.1/lib/neethi-3.0.3.jar
     [classpath + loader.0] file:/Users/Phiphy/Library/Java/apache-tomee-plume-1.7.1/lib/tomcat-i18n-es.jar
     [classpath + loader.0] file:/Users/Phiphy/Library/Java/apache-tomee-plume-1.7.1/lib/activemq-openwire-legacy-5.10.0.jar
     [classpath + loader.0] file:/Users/Phiphy/.m2/repository/org/apache/openejb/openejb-api/4.7.1/openejb-api-4.7.1.jar
     [classpath + loader.0] file:/Users/Phiphy/.m2/repository/org/neo4j/neo4j-cypher-commons/2.1.5/neo4j-cypher-commons-2.1.5.jar
     [classpath + loader.0] file:/Users/Phiphy/.m2/repository/org/hsqldb/hsqldb/2.3.2/hsqldb-2.3.2.jar
     [classpath + loader.0] file:/Users/Phiphy/Library/Java/apache-tomee-plume-1.7.1/lib/geronimo-javamail_1.4_mail-1.8.3.jar
     [classpath + loader.0] file:/Users/Phiphy/Library/Java/apache-tomee-plume-1.7.1/lib/openejb-rest-4.7.1.jar
     [classpath + loader.0] file:/Users/Phiphy/Library/Java/apache-tomee-plume-1.7.1/lib/openejb-cxf-4.7.1.jar
     [classpath + loader.0] file:/Users/Phiphy/Library/Java/apache-tomee-plume-1.7.1/lib/cxf-rt-ws-policy-2.6.14.jar
     [classpath + loader.0] file:/Users/Phiphy/Library/Java/apache-tomee-plume-1.7.1/lib/openws-1.4.2-1.jar
     [classpath + loader.0] file:/Users/Phiphy/Library/Java/apache-tomee-plume-1.7.1/lib/openejb-core-4.7.1.jar
     [classpath + loader.0] file:/Users/Phiphy/.m2/repository/org/apache/openejb/apache-tomee/1.7.1/apache-tomee-1.7.1.jar
     [classpath + loader.0] file:/Users/Phiphy/Library/Java/apache-tomee-plume-1.7.1/lib/websocket-api.jar
     [classpath + loader.0] file:/Users/Phiphy/.m2/repository/org/apache/activemq/protobuf/activemq-protobuf/1.1/activemq-protobuf-1.1.jar
     [classpath + loader.0] file:/Users/Phiphy/.m2/repository/org/neo4j/neo4j-lucene-index/2.1.5/neo4j-lucene-index-2.1.5.jar
     [classpath + loader.0] file:/Users/Phiphy/.m2/repository/org/apache/activemq/activemq-openwire-legacy/5.10.0/activemq-openwire-legacy-5.10.0.jar
     [classpath + loader.0] file:/Users/Phiphy/Library/Java/apache-tomee-plume-1.7.1/lib/xbean-asm5-shaded-4.0.jar
     [classpath + loader.0] file:/Users/Phiphy/.m2/repository/org/apache/geronimo/components/geronimo-connector/3.1.1/geronimo-connector-3.1.1.jar
     [bootstrap] /Library/Java/JavaVirtualMachines/jdk1.8.0_25.jdk/Contents/Home/jre/lib/jsse.jar
     [classpath + loader.0] file:/Users/Phiphy/Library/Java/apache-tomee-plume-1.7.1/lib/servlet-api.jar
     [loader.1] file:/Library/Java/JavaVirtualMachines/jdk1.8.0_25.jdk/Contents/Home/jre/lib/ext/sunpkcs11.jar
     [classpath + loader.0] file:/Users/Phiphy/Library/Java/apache-tomee-plume-1.7.1/lib/catalina-ha.jar
     [classpath + loader.0] file:/Users/Phiphy/.m2/repository/org/apache/xbean/xbean-bundleutils/4.0/xbean-bundleutils-4.0.jar
     [classpath + loader.0] file:/Users/Phiphy/.m2/repository/org/neo4j/neo4j/2.1.5/neo4j-2.1.5.jar
     [classpath + loader.0] file:/Users/Phiphy/.m2/repository/org/apache/openejb/openejb-core/4.7.1/openejb-core-4.7.1.jar
     [classpath + loader.0] file:/Users/Phiphy/.m2/repository/org/apache/activemq/activemq-kahadb-store/5.10.0/activemq-kahadb-store-5.10.0.jar
     [classpath + loader.0] file:/Users/Phiphy/.m2/repository/org/apache/httpcomponents/httpcore/4.3.2/httpcore-4.3.2.jar
     [classpath + loader.0] file:/Users/Phiphy/Library/Java/apache-tomee-plume-1.7.1/lib/el-api.jar
     [classpath + loader.0] file:/Users/Phiphy/.m2/repository/commons-beanutils/commons-beanutils-core/1.8.3/commons-beanutils-core-1.8.3.jar
     [classpath + loader.0] file:/Users/Phiphy/Library/Java/apache-tomee-plume-1.7.1/lib/commons-lang3-3.3.2.jar
     [classpath + loader.0] file:/Users/Phiphy/.m2/repository/org/apache/openejb/openejb-client/4.7.1/openejb-client-4.7.1.jar
     [classpath + loader.0] file:/Users/Phiphy/.m2/repository/com/sun/xml/bind/jaxb-impl/2.2.7/jaxb-impl-2.2.7.jar
     [classpath + loader.0] file:/Users/Phiphy/.m2/repository/org/apache/bval/bval-jsr303/0.5/bval-jsr303-0.5.jar
     [classpath + loader.0] file:/Users/Phiphy/Library/Java/apache-tomee-plume-1.7.1/lib/hawtbuf-1.10.jar
     [classpath + loader.0] file:/Users/Phiphy/Library/Java/apache-tomee-plume-1.7.1/lib/jasper-el.jar
     [classpath + loader.0] file:/Users/Phiphy/Library/Java/apache-tomee-plume-1.7.1/lib/javaee-api-6.0-6-tomcat.jar
     [classpath + loader.0] file:/Users/Phiphy/.m2/repository/com/googlecode/concurrentlinkedhashmap/concurrentlinkedhashmap-lru/1.3.1/concurrentlinkedhashmap-lru-1.3.1.jar
     [classpath + loader.0] file:/Users/Phiphy/Library/Java/apache-tomee-plume-1.7.1/lib/cxf-rt-frontend-jaxrs-2.6.14.jar
     [classpath + loader.0] file:/Users/Phiphy/Library/Java/apache-tomee-plume-1.7.1/lib/tomcat-util.jar
     [classpath + loader.0] file:/Users/Phiphy/Library/Java/apache-tomee-plume-1.7.1/lib/FastInfoset-1.2.12.jar
     [classpath + loader.0] file:/Users/Phiphy/Library/Java/apache-tomee-plume-1.7.1/lib/openejb-core-eclipselink-4.7.1.jar
     [classpath + loader.0] file:/Users/Phiphy/Library/Java/apache-tomee-plume-1.7.1/lib/openwebbeans-impl-1.2.6.jar
     [loader.1] file:/System/Library/Java/Extensions/libJ3DAudio.jnilib
     [classpath + loader.0] file:/Users/Phiphy/.m2/repository/junit/junit/4.11/junit-4.11.jar
     [classpath + loader.0] file:/Users/Phiphy/Library/Java/apache-tomee-plume-1.7.1/lib/openejb-javaagent.jar
     [classpath + loader.0] file:/Users/Phiphy/Library/Java/apache-tomee-plume-1.7.1/lib/tomcat-jdbc.jar
     [classpath + loader.0] file:/Users/Phiphy/.m2/repository/org/objectweb/howl/howl/1.0.1-1/howl-1.0.1-1.jar
     [classpath + loader.0] file:/Users/Phiphy/Library/Java/apache-tomee-plume-1.7.1/lib/jaxb-core-2.2.7.jar
     [classpath + loader.0] file:/Users/Phiphy/.m2/repository/org/fusesource/jansi/jansi/1.8/jansi-1.8.jar
     [classpath + loader.0] file:/Users/Phiphy/Library/Java/apache-tomee-plume-1.7.1/lib/catalina-tribes.jar
     [classpath + loader.0] file:/Users/Phiphy/Library/Java/apache-tomee-plume-1.7.1/lib/cxf-rt-rs-security-oauth2-2.6.14.jar
     [classpath + loader.0] file:/Users/Phiphy/.m2/repository/org/apache/openejb/openejb-javaagent/4.7.1/openejb-javaagent-4.7.1.jar
     [classpath + loader.0] file:/Users/Phiphy/.m2/repository/net/sf/opencsv/opencsv/2.0/opencsv-2.0.jar
     [classpath + loader.0] file:/Users/Phiphy/.m2/repository/org/neo4j/neo4j-kernel/2.1.5/neo4j-kernel-2.1.5.jar
     [bootstrap] /Library/Java/JavaVirtualMachines/jdk1.8.0_25.jdk/Contents/Home/jre/lib/jce.jar
     [classpath + loader.0] file:/Users/Phiphy/.m2/repository/org/apache/activemq/activemq-broker/5.10.0/activemq-broker-5.10.0.jar
     [classpath + loader.0] file:/Users/Phiphy/Library/Java/apache-tomee-plume-1.7.1/lib/activemq-ra-5.10.0.jar
     [classpath + loader.0] file:/Users/Phiphy/Library/Java/apache-tomee-plume-1.7.1/lib/jasper.jar
     [classpath + loader.0] file:/Users/Phiphy/Library/Java/apache-tomee-plume-1.7.1/lib/tomcat-i18n-fr.jar
     [classpath + loader.0] file:/Users/Phiphy/Library/Java/apache-tomee-plume-1.7.1/lib/cxf-rt-bindings-xml-2.6.14.jar
     [loader.1] file:/System/Library/Java/Extensions/vecmath.jar
     [classpath + loader.0] file:/Users/Phiphy/Library/Java/apache-tomee-plume-1.7.1/lib/activemq-kahadb-store-5.10.0.jar
     [classpath + loader.0] file:/Users/Phiphy/.m2/repository/org/parboiled/parboiled-scala_2.10/1.1.6/parboiled-scala_2.10-1.1.6.jar
     [classpath + loader.0] file:/Users/Phiphy/Library/Java/apache-tomee-plume-1.7.1/lib/openwebbeans-ejb-1.2.6.jar
     [classpath + loader.0] file:/Users/Phiphy/Library/Java/apache-tomee-plume-1.7.1/lib/stax2-api-3.1.4.jar
     [classpath + loader.0] file:/Users/Phiphy/Library/Java/apache-tomee-plume-1.7.1/lib/cxf-rt-frontend-simple-2.6.14.jar
     [classpath + loader.0] file:/Users/Phiphy/Library/Java/apache-tomee-plume-1.7.1/lib/openejb-loader-4.7.1.jar
     [classpath + loader.0] file:/Users/Phiphy/Library/Java/apache-tomee-plume-1.7.1/lib/cxf-rt-frontend-jaxws-2.6.14.jar
     [loader.1] file:/Library/Java/JavaVirtualMachines/jdk1.8.0_25.jdk/Contents/Home/jre/lib/ext/jfxrt.jar
     [classpath + loader.0] file:/Users/Phiphy/.m2/repository/javax/javaee-api/6.0/javaee-api-6.0.jar
     [classpath + loader.0] file:/Users/Phiphy/Library/Java/apache-tomee-plume-1.7.1/lib/activemq-protobuf-1.1.jar
     [classpath + loader.0] file:/Users/Phiphy/Library/Java/apache-tomee-plume-1.7.1/lib/openwebbeans-spi-1.2.6.jar
     [classpath + loader.0] file:/Users/Phiphy/Library/Java/apache-tomee-plume-1.7.1/lib/openwebbeans-ee-1.2.6.jar
     [classpath + loader.0] file:/Users/Phiphy/Library/Java/apache-tomee-plume-1.7.1/lib/openejb-client-4.7.1.jar
     [classpath + loader.0] file:/Applications/eclipse/configuration/org.eclipse.osgi/360/0/.cp/
     [classpath + loader.0] file:/Users/Phiphy/Library/Java/apache-tomee-plume-1.7.1/lib/openejb-server-4.7.1.jar
     [classpath + loader.0] file:/Users/Phiphy/.m2/repository/org/neo4j/neo4j-cypher/2.1.5/neo4j-cypher-2.1.5.jar
     [classpath + loader.0] file:/Users/Phiphy/.m2/repository/org/neo4j/neo4j-cypher-compiler-1.9/2.0.3/neo4j-cypher-compiler-1.9-2.0.3.jar
     [loader.1] file:/System/Library/Java/Extensions/libAppleScriptEngine.jnilib
     [classpath + loader.0] file:/Users/Phiphy/Library/Java/apache-tomee-plume-1.7.1/lib/jansi-1.8.jar
     [classpath + loader.0] file:/Users/Phiphy/Library/Java/apache-tomee-plume-1.7.1/lib/commons-logging-1.1.1.jar
     [classpath + loader.0] file:/Users/Phiphy/.m2/repository/org/scala-lang/scala-library/2.10.4/scala-library-2.10.4.jar
     [classpath + loader.0] file:/Users/Phiphy/Library/Java/apache-tomee-plume-1.7.1/lib/wsdl4j-1.6.3.jar
     [classpath + loader.0] file:/Users/Phiphy/.m2/repository/commons-lang/commons-lang/2.4/commons-lang-2.4.jar
     [classpath + loader.0] file:/Users/Phiphy/Library/Java/apache-tomee-plume-1.7.1/lib/ecj-4.4.jar
     [classpath + loader.0] file:/Users/Phiphy/Library/Java/apache-tomee-plume-1.7.1/lib/openejb-http-4.7.1.jar
     [classpath + loader.0] file:/Users/Phiphy/.m2/repository/org/neo4j/neo4j-graph-matching/2.1.5/neo4j-graph-matching-2.1.5.jar
     [classpath + loader.0] file:/Users/Phiphy/Library/Java/apache-tomee-plume-1.7.1/lib/openwebbeans-el22-1.2.6.jar
     [classpath + loader.0] file:/Users/Phiphy/.m2/repository/org/apache/activemq/activemq-client/5.10.0/activemq-client-5.10.0.jar
     [classpath + loader.0] file:/Users/Phiphy/Library/Java/apache-tomee-plume-1.7.1/lib/cxf-rt-rs-extension-search-2.6.14.jar
     [classpath + loader.0] file:/Users/Phiphy/Library/Java/apache-tomee-plume-1.7.1/lib/xml-apis-1.4.01.jar
     [classpath + loader.0] file:/Users/Phiphy/Library/Java/apache-tomee-plume-1.7.1/lib/bval-jsr303-0.5.jar
     [classpath + loader.0] file:/Users/Phiphy/.m2/repository/org/apache/openejb/openejb-jpa-integration/4.7.1/openejb-jpa-integration-4.7.1.jar
     [loader.1] file:/Library/Java/JavaVirtualMachines/jdk1.8.0_25.jdk/Contents/Home/jre/lib/ext/zipfs.jar
     [classpath + loader.0] file:/Users/Phiphy/Library/Java/apache-tomee-plume-1.7.1/lib/openejb-jee-4.7.1.jar
     [classpath + loader.0] file:/Users/Phiphy/.m2/repository/org/apache/openwebbeans/openwebbeans-el22/1.2.6/openwebbeans-el22-1.2.6.jar
     [classpath + loader.0] file:/Users/Phiphy/Library/Java/apache-tomee-plume-1.7.1/lib/tomee-mojarra-1.7.1.jar
     [classpath + loader.0] file:/Users/Phiphy/.m2/repository/org/metatype/sxc/sxc-runtime/0.8/sxc-runtime-0.8.jar
     [classpath + loader.0] file:/Users/Phiphy/Library/Java/apache-tomee-plume-1.7.1/lib/cxf-rt-ws-security-2.6.14.jar
     [loader.1] file:/System/Library/Java/Extensions/j3dcore.jar
     [classpath + loader.0] file:/Users/Phiphy/Library/Java/apache-tomee-plume-1.7.1/lib/activemq-jdbc-store-5.10.0.jar
     [classpath + loader.0] file:/Users/Phiphy/.m2/repository/org/apache/openejb/openejb-jee-accessors/4.7.1/openejb-jee-accessors-4.7.1.jar
     [classpath + loader.0] file:/Users/Phiphy/Documents/courses/CS/OOSE/NeverEatAlone/project/NeverEatAlone/Codebase/Server/target/test-classes/
     [classpath + loader.0] file:/Users/Phiphy/.m2/repository/org/apache/openwebbeans/openwebbeans-ejb/1.2.6/openwebbeans-ejb-1.2.6.jar
     [classpath + loader.0] file:/Users/Phiphy/Library/Java/apache-tomee-plume-1.7.1/lib/cxf-rt-rs-extension-providers-2.6.14.jar
2014-11-15 21:29:44.837+0000 INFO  [org.neo4j]: Library path:
    /Users/Phiphy/Library/Java/Extensions
    /Library/Java/Extensions
    /Network/Library/Java/Extensions
    /System/Library/Java/Extensions
    /usr/lib/java
    /Users/Phiphy/Documents/courses/CS/OOSE/NeverEatAlone/project/NeverEatAlone/Codebase/Server
2014-11-15 21:29:44.838+0000 INFO  [org.neo4j]: System.properties:
    sun.boot.library.path = /Library/Java/JavaVirtualMachines/jdk1.8.0_25.jdk/Contents/Home/jre/lib
    gopherProxySet = false
    path.separator = :
    file.encoding.pkg = sun.io
    user.country = US
    sun.java.launcher = SUN_STANDARD
    sun.os.patch.level = unknown
    user.dir = /Users/Phiphy/Documents/courses/CS/OOSE/NeverEatAlone/project/NeverEatAlone/Codebase/Server
    sun.jnu.encoding = UTF-8
    sun.management.compiler = HotSpot 64-Bit Tiered Compilers
    http.nonProxyHosts = local|*.local|169.254/16|*.169.254/16
    user.home = /Users/Phiphy
    user.timezone = America/New_York
    file.encoding = UTF-8
    user.name = Phiphy
    sun.java.command = org.eclipse.jdt.internal.junit.runner.RemoteTestRunner -version 3 -port 50911 -testLoaderClass org.eclipse.jdt.internal.junit4.runner.JUnit4TestLoader -loaderpluginname org.eclipse.jdt.junit4.runtime -testNameFile /var/folders/8w/yhbwfgr143xdzkzvf0rpyllh0000gn/T/testNames6069646263025718565.txt
    sun.arch.data.model = 64
    user.language = en
    awt.toolkit = sun.lwawt.macosx.LWCToolkit
    file.separator = /
    sun.io.unicode.encoding = UnicodeBig
    sun.cpu.endian = little
    socksNonProxyHosts = local|*.local|169.254/16|*.169.254/16
    ftp.nonProxyHosts = local|*.local|169.254/16|*.169.254/16
    sun.cpu.isalist = 
2014-11-15 21:29:44.841+0000 INFO  [org.neo4j]: Network information:
    Interface en1:
        address: fe80:0:0:0:6233:4bff:fe29:aafd%en1
        address: 10.188.165.87
    Interface lo0:
        address: fe80:0:0:0:0:0:0:1%lo0
        address: 0:0:0:0:0:0:0:1
        address: 127.0.0.1
2014-11-15 21:29:44.843+0000 INFO  [org.neo4j]: --- INITIALIZED diagnostics END ---
2014-11-15 21:29:45.939+0000 INFO  [org.neo4j]: Creating new db @ ./DBData/neostore
2014-11-15 21:29:46.060+0000 INFO  [org.neo4j]: [./DBData/neostore.relationshiptypestore.db.names] brickCount=0 brickSize=0b mappedMem=0b (storeSize=38b)
2014-11-15 21:29:46.063+0000 INFO  [org.neo4j]: [./DBData/neostore.relationshiptypestore.db] brickCount=0 brickSize=0b mappedMem=0b (storeSize=0b)
2014-11-15 21:29:46.063+0000 INFO  [org.neo4j]: ./DBData/neostore.relationshiptypestore.db.names hit=0 miss=0 switches=0 ooe=0
2014-11-15 21:29:46.066+0000 INFO  [org.neo4j]: ./DBData/neostore.relationshiptypestore.db hit=0 miss=0 switches=0 ooe=0
2014-11-15 21:29:46.090+0000 INFO  [org.neo4j]: [./DBData/neostore.labeltokenstore.db.names] brickCount=0 brickSize=0b mappedMem=0b (storeSize=38b)
2014-11-15 21:29:46.092+0000 INFO  [org.neo4j]: [./DBData/neostore.labeltokenstore.db] brickCount=0 brickSize=0b mappedMem=0b (storeSize=0b)
2014-11-15 21:29:46.092+0000 INFO  [org.neo4j]: ./DBData/neostore.labeltokenstore.db.names hit=0 miss=0 switches=0 ooe=0
2014-11-15 21:29:46.093+0000 INFO  [org.neo4j]: ./DBData/neostore.labeltokenstore.db hit=0 miss=0 switches=0 ooe=0
2014-11-15 21:29:46.102+0000 INFO  [org.neo4j]: [./DBData/neostore.relationshiptypestore.db.names] brickCount=0 brickSize=0b mappedMem=0b (storeSize=38b)
2014-11-15 21:29:46.102+0000 INFO  [org.neo4j]: [./DBData/neostore.relationshiptypestore.db] brickCount=0 brickSize=0b mappedMem=0b (storeSize=0b)
2014-11-15 21:29:46.103+0000 INFO  [org.neo4j]: [./DBData/neostore.labeltokenstore.db.names] brickCount=0 brickSize=0b mappedMem=0b (storeSize=38b)
2014-11-15 21:29:46.103+0000 INFO  [org.neo4j]: [./DBData/neostore.labeltokenstore.db] brickCount=0 brickSize=0b mappedMem=0b (storeSize=0b)
2014-11-15 21:29:46.104+0000 INFO  [org.neo4j]: [./DBData/neostore.propertystore.db.strings] brickCount=0 brickSize=590336b mappedMem=590348288b (storeSize=128b)
2014-11-15 21:29:46.104+0000 INFO  [org.neo4j]: [./DBData/neostore.propertystore.db.index.keys] brickCount=0 brickSize=0b mappedMem=0b (storeSize=38b)
2014-11-15 21:29:46.105+0000 INFO  [org.neo4j]: [./DBData/neostore.propertystore.db.index] brickCount=0 brickSize=0b mappedMem=0b (storeSize=0b)
2014-11-15 21:29:46.105+0000 INFO  [org.neo4j]: [./DBData/neostore.propertystore.db.arrays] brickCount=0 brickSize=669952b mappedMem=670040064b (storeSize=128b)
2014-11-15 21:29:46.110+0000 INFO  [org.neo4j]: [./DBData/neostore.propertystore.db] brickCount=0 brickSize=6952042b mappedMem=695205888b (storeSize=0b)
2014-11-15 21:29:46.144+0000 INFO  [org.neo4j]: [./DBData/neostore.relationshipstore.db] brickCount=0 brickSize=8514416b mappedMem=851443712b (storeSize=0b)
2014-11-15 21:29:46.145+0000 INFO  [org.neo4j]: [./DBData/neostore.nodestore.db.labels] brickCount=0 brickSize=0b mappedMem=0b (storeSize=68b)
2014-11-15 21:29:46.148+0000 INFO  [org.neo4j]: [./DBData/neostore.nodestore.db] brickCount=0 brickSize=1929375b mappedMem=192937984b (storeSize=0b)
2014-11-15 21:29:46.149+0000 INFO  [org.neo4j]: [./DBData/neostore.schemastore.db] brickCount=0 brickSize=0b mappedMem=0b (storeSize=64b)
2014-11-15 21:29:46.153+0000 INFO  [org.neo4j]: [./DBData/neostore.relationshipgroupstore.db] brickCount=0 brickSize=0b mappedMem=0b (storeSize=25b)
2014-11-15 21:29:46.154+0000 INFO  [org.neo4j]: [./DBData/neostore] brickCount=0 brickSize=0b mappedMem=0b (storeSize=0b)
2014-11-15 21:29:46.164+0000 INFO  [org.neo4j]: ./DBData/neostore.relationshiptypestore.db.names hit=0 miss=0 switches=0 ooe=0
2014-11-15 21:29:46.165+0000 INFO  [org.neo4j]: ./DBData/neostore.relationshiptypestore.db hit=0 miss=0 switches=0 ooe=0
2014-11-15 21:29:46.166+0000 INFO  [org.neo4j]: ./DBData/neostore.labeltokenstore.db.names hit=0 miss=0 switches=0 ooe=0
2014-11-15 21:29:46.167+0000 INFO  [org.neo4j]: ./DBData/neostore.labeltokenstore.db hit=0 miss=0 switches=0 ooe=0
2014-11-15 21:29:46.168+0000 INFO  [org.neo4j]: ./DBData/neostore.propertystore.db.strings hit=0 miss=0 switches=0 ooe=0
2014-11-15 21:29:46.169+0000 INFO  [org.neo4j]: ./DBData/neostore.propertystore.db.index.keys hit=0 miss=0 switches=0 ooe=0
2014-11-15 21:29:46.170+0000 INFO  [org.neo4j]: ./DBData/neostore.propertystore.db.index hit=0 miss=0 switches=0 ooe=0
2014-11-15 21:29:46.171+0000 INFO  [org.neo4j]: ./DBData/neostore.propertystore.db.arrays hit=0 miss=0 switches=0 ooe=0
2014-11-15 21:29:46.172+0000 INFO  [org.neo4j]: ./DBData/neostore.propertystore.db hit=0 miss=0 switches=0 ooe=0
2014-11-15 21:29:46.173+0000 INFO  [org.neo4j]: ./DBData/neostore.relationshipstore.db hit=0 miss=0 switches=0 ooe=0
2014-11-15 21:29:46.174+0000 INFO  [org.neo4j]: ./DBData/neostore.nodestore.db.labels hit=0 miss=0 switches=0 ooe=0
2014-11-15 21:29:46.175+0000 INFO  [org.neo4j]: ./DBData/neostore.nodestore.db hit=0 miss=0 switches=0 ooe=0
2014-11-15 21:29:46.176+0000 INFO  [org.neo4j]: ./DBData/neostore.schemastore.db hit=0 miss=0 switches=0 ooe=0
2014-11-15 21:29:46.177+0000 INFO  [org.neo4j]: ./DBData/neostore.relationshipgroupstore.db hit=0 miss=0 switches=0 ooe=0
2014-11-15 21:29:46.180+0000 INFO  [org.neo4j]: ./DBData/neostore hit=0 miss=10 switches=0 ooe=0
2014-11-15 21:29:46.204+0000 INFO  [org.neo4j]: [./DBData/neostore.relationshiptypestore.db.names] brickCount=0 brickSize=0b mappedMem=0b (storeSize=38b)
2014-11-15 21:29:46.204+0000 INFO  [org.neo4j]: [./DBData/neostore.relationshiptypestore.db] brickCount=0 brickSize=0b mappedMem=0b (storeSize=0b)
2014-11-15 21:29:46.205+0000 INFO  [org.neo4j]: [./DBData/neostore.labeltokenstore.db.names] brickCount=0 brickSize=0b mappedMem=0b (storeSize=38b)
2014-11-15 21:29:46.205+0000 INFO  [org.neo4j]: [./DBData/neostore.labeltokenstore.db] brickCount=0 brickSize=0b mappedMem=0b (storeSize=0b)
2014-11-15 21:29:46.206+0000 INFO  [org.neo4j]: [./DBData/neostore.propertystore.db.strings] brickCount=0 brickSize=590336b mappedMem=590348288b (storeSize=128b)
2014-11-15 21:29:46.206+0000 INFO  [org.neo4j]: [./DBData/neostore.propertystore.db.index.keys] brickCount=0 brickSize=0b mappedMem=0b (storeSize=38b)
2014-11-15 21:29:46.207+0000 INFO  [org.neo4j]: [./DBData/neostore.propertystore.db.index] brickCount=0 brickSize=0b mappedMem=0b (storeSize=0b)
2014-11-15 21:29:46.207+0000 INFO  [org.neo4j]: [./DBData/neostore.propertystore.db.arrays] brickCount=0 brickSize=669952b mappedMem=670040064b (storeSize=128b)
2014-11-15 21:29:46.208+0000 INFO  [org.neo4j]: [./DBData/neostore.propertystore.db] brickCount=0 brickSize=6952042b mappedMem=695205888b (storeSize=0b)
2014-11-15 21:29:46.208+0000 INFO  [org.neo4j]: [./DBData/neostore.relationshipstore.db] brickCount=0 brickSize=8514416b mappedMem=851443712b (storeSize=0b)
2014-11-15 21:29:46.209+0000 INFO  [org.neo4j]: [./DBData/neostore.nodestore.db.labels] brickCount=0 brickSize=0b mappedMem=0b (storeSize=68b)
2014-11-15 21:29:46.209+0000 INFO  [org.neo4j]: [./DBData/neostore.nodestore.db] brickCount=0 brickSize=1929375b mappedMem=192937984b (storeSize=0b)
2014-11-15 21:29:46.210+0000 INFO  [org.neo4j]: [./DBData/neostore.schemastore.db] brickCount=0 brickSize=0b mappedMem=0b (storeSize=64b)
2014-11-15 21:29:46.210+0000 INFO  [org.neo4j]: [./DBData/neostore.relationshipgroupstore.db] brickCount=0 brickSize=0b mappedMem=0b (storeSize=25b)
2014-11-15 21:29:46.211+0000 INFO  [org.neo4j]: [./DBData/neostore] brickCount=0 brickSize=0b mappedMem=0b (storeSize=81b)
2014-11-15 21:29:46.387+0000 INFO  [org.neo4j]: No lucene scan store index found, this might just be first use. Preparing to rebuild.
2014-11-15 21:29:46.582+0000 INFO  [org.neo4j]: No lucene scan store index found, this might just be first use. Preparing to rebuild.
2014-11-15 21:29:47.023+0000 INFO  [org.neo4j]: Opened logical log [./DBData/nioneo_logical.log.1] version=0, lastTxId=1 (clean)
2014-11-15 21:29:47.051+0000 INFO  [org.neo4j]: Rebuilding lucene scan store, this may take a while
2014-11-15 21:29:47.076+0000 INFO  [org.neo4j]: Lucene scan store rebuilt (roughly -1 nodes)
2014-11-15 21:29:47.098+0000 INFO  [org.neo4j]: TM new log: tm_tx_log.1
2014-11-15 21:29:47.126+0000 INFO  [org.neo4j]: Kernel health set to OK
2014-11-15 21:29:47.204+0000 INFO  [org.neo4j]: Opened logical log [./DBData/index/lucene.log.1] version=0, lastTxId=1 (clean)
2014-11-15 21:29:47.243+0000 INFO  [org.neo4j]: --- STARTED diagnostics for KernelDiagnostics:Versions START ---
2014-11-15 21:29:47.243+0000 INFO  [org.neo4j]: Graph Database: org.neo4j.kernel.EmbeddedGraphDatabase StoreId{creationTime=1416086985978, randomId=2497253518431409154, storeVersion=14406081294923270, upgradeTime=1416086985978, upgradeId=2497253518431409154}
2014-11-15 21:29:47.243+0000 INFO  [org.neo4j]: Kernel version: Neo4j - Graph Database Kernel (neo4j-kernel), version: 2.1.5
2014-11-15 21:29:47.243+0000 INFO  [org.neo4j]: Neo4j component versions:
2014-11-15 21:29:47.252+0000 INFO  [org.neo4j]:   Neo4j - Cypher Compiler 1.9 (neo4j-cypher-compiler-1.9), version: 2.0.3; revision: 2.0.3:2.0-maint:72/307c563c11b75fdc71cfa6df05daf9b08d6c37dc
2014-11-15 21:29:47.252+0000 INFO  [org.neo4j]:   Neo4j Community (neo4j), version: 2.1.5; revision: 2.1.5:2.1-maint:529/45c3cc04946c2b0e243e48c8252e40cb85931744
2014-11-15 21:29:47.252+0000 INFO  [org.neo4j]:   Neo4j - Cypher Commons (neo4j-cypher-commons), version: 2.1.5; revision: 2.1.5:2.1-maint:529/45c3cc04946c2b0e243e48c8252e40cb85931744
2014-11-15 21:29:47.252+0000 INFO  [org.neo4j]:   neo4j-udc, version: 2.1.5; revision: 2.1.5:2.1-maint:529/45c3cc04946c2b0e243e48c8252e40cb85931744
2014-11-15 21:29:47.252+0000 INFO  [org.neo4j]:   Neo4j - Lucene Index (neo4j-lucene-index), version: 2.1.5; revision: 2.1.5:2.1-maint:529/45c3cc04946c2b0e243e48c8252e40cb85931744
2014-11-15 21:29:47.252+0000 INFO  [org.neo4j]:   Neo4j - Cypher Compiler 2.0 (neo4j-cypher-compiler-2.0), version: 2.0.3; revision: 2.0.3:2.0-maint:72/307c563c11b75fdc71cfa6df05daf9b08d6c37dc
2014-11-15 21:29:47.253+0000 INFO  [org.neo4j]:   Neo4j - Graph Database Kernel (neo4j-kernel), version: 2.1.5; revision: 2.1.5:2.1-maint:529/45c3cc04946c2b0e243e48c8252e40cb85931744
2014-11-15 21:29:47.253+0000 INFO  [org.neo4j]:   Neo4j - Graph Matching (neo4j-graph-matching), version: 2.1.5; revision: 2.1.5:2.1-maint:529/45c3cc04946c2b0e243e48c8252e40cb85931744
2014-11-15 21:29:47.253+0000 INFO  [org.neo4j]:   Neo4j - JMX support (neo4j-jmx), version: 2.1.5; revision: 2.1.5:2.1-maint:529/45c3cc04946c2b0e243e48c8252e40cb85931744
2014-11-15 21:29:47.253+0000 INFO  [org.neo4j]:   Neo4j - Cypher (neo4j-cypher), version: 2.1.5; revision: 2.1.5:2.1-maint:529/45c3cc04946c2b0e243e48c8252e40cb85931744
2014-11-15 21:29:47.253+0000 INFO  [org.neo4j]:   Neo4j - Graph Algorithms (neo4j-graph-algo), version: 2.1.5; revision: 2.1.5:2.1-maint:529/45c3cc04946c2b0e243e48c8252e40cb85931744
2014-11-15 21:29:47.253+0000 INFO  [org.neo4j]: --- STARTED diagnostics for KernelDiagnostics:Versions END ---
2014-11-15 21:29:47.271+0000 INFO  [org.neo4j]: --- STARTED diagnostics for NEO_STORE_VERSIONS START ---
2014-11-15 21:29:47.275+0000 INFO  [org.neo4j]: Store versions:
    Store versions:
      NeoStore v0.A.3
      SchemaStore v0.A.3
      NodeStore v0.A.3
      RelationshipStore v0.A.3
      RelationshipTypeStore v0.A.3
      LabelTokenStore v0.A.3
      PropertyStore v0.A.3
      PropertyIndexStore v0.A.3
      StringPropertyStore v0.A.3
      ArrayPropertyStore v0.A.3
      RelationshipGroupStore v0.A.3
2014-11-15 21:29:47.276+0000 INFO  [org.neo4j]: --- STARTED diagnostics for NEO_STORE_VERSIONS END ---
2014-11-15 21:29:47.276+0000 INFO  [org.neo4j]: --- STARTED diagnostics for NEO_STORE_ID_USAGE START ---
2014-11-15 21:29:47.276+0000 INFO  [org.neo4j]: Id usage:
    Id usage:
      SchemaStore: used=1 high=0
      NodeStore: used=0 high=-1
      RelationshipStore: used=0 high=-1
      RelationshipTypeStore: used=0 high=-1
      LabelTokenStore: used=0 high=-1
      PropertyStore: used=0 high=-1
      PropertyIndexStore: used=0 high=-1
      StringPropertyStore: used=1 high=0
      ArrayPropertyStore: used=1 high=0
      RelationshipGroupStore: used=1 high=0
2014-11-15 21:29:47.283+0000 INFO  [org.neo4j]: --- STARTED diagnostics for NEO_STORE_ID_USAGE END ---
2014-11-15 21:29:47.284+0000 INFO  [org.neo4j]: --- STARTED diagnostics for PERSISTENCE_WINDOW_POOL_STATS START ---
2014-11-15 21:29:47.284+0000 INFO  [org.neo4j]: --- STARTED diagnostics for PERSISTENCE_WINDOW_POOL_STATS END ---
2014-11-15 21:29:47.284+0000 INFO  [org.neo4j]: --- STARTED diagnostics for KernelDiagnostics:StoreFiles START ---
2014-11-15 21:29:47.285+0000 INFO  [org.neo4j]: Disk space on partition (Total / Free / Free %): 498876809216 / 86703824896 / 17
Storage files: (filename : modification date - size)
      active_tx_log: 2014-11-15T16:29:47-0500 - 11.00 B
      index:
        lucene-store.db: 2014-11-15T16:29:47-0500 - 40.00 B
        lucene.log.1: 2014-11-15T16:29:47-0500 - 16.00 B
        lucene.log.active: 2014-11-15T16:29:47-0500 - 4.00 B
      - Total: 2014-11-15T16:29:47-0500 - 60.00 B
      lock: 2014-11-15T16:29:46-0500 - 0.00 B
      messages.log: 2014-11-15T16:29:47-0500 - 46.16 kB
      neostore: 2014-11-15T16:29:46-0500 - 81.00 B
      neostore.id: 2014-11-15T16:29:46-0500 - 9.00 B
      neostore.labeltokenstore.db: 2014-11-15T16:29:46-0500 - 0.00 B
      neostore.labeltokenstore.db.id: 2014-11-15T16:29:46-0500 - 9.00 B
      neostore.labeltokenstore.db.names: 2014-11-15T16:29:46-0500 - 38.00 B
      neostore.labeltokenstore.db.names.id: 2014-11-15T16:29:46-0500 - 9.00 B
      neostore.nodestore.db: 2014-11-15T16:29:46-0500 - 0.00 B
      neostore.nodestore.db.id: 2014-11-15T16:29:46-0500 - 9.00 B
      neostore.nodestore.db.labels: 2014-11-15T16:29:46-0500 - 68.00 B
      neostore.nodestore.db.labels.id: 2014-11-15T16:29:46-0500 - 9.00 B
      neostore.propertystore.db: 2014-11-15T16:29:46-0500 - 0.00 B
      neostore.propertystore.db.arrays: 2014-11-15T16:29:46-0500 - 128.00 B
      neostore.propertystore.db.arrays.id: 2014-11-15T16:29:46-0500 - 9.00 B
      neostore.propertystore.db.id: 2014-11-15T16:29:46-0500 - 9.00 B
      neostore.propertystore.db.index: 2014-11-15T16:29:46-0500 - 0.00 B
      neostore.propertystore.db.index.id: 2014-11-15T16:29:46-0500 - 9.00 B
      neostore.propertystore.db.index.keys: 2014-11-15T16:29:46-0500 - 38.00 B
      neostore.propertystore.db.index.keys.id: 2014-11-15T16:29:46-0500 - 9.00 B
      neostore.propertystore.db.strings: 2014-11-15T16:29:46-0500 - 128.00 B
      neostore.propertystore.db.strings.id: 2014-11-15T16:29:46-0500 - 9.00 B
      neostore.relationshipgroupstore.db: 2014-11-15T16:29:46-0500 - 25.00 B
      neostore.relationshipgroupstore.db.id: 2014-11-15T16:29:46-0500 - 9.00 B
      neostore.relationshipstore.db: 2014-11-15T16:29:46-0500 - 0.00 B
      neostore.relationshipstore.db.id: 2014-11-15T16:29:46-0500 - 9.00 B
      neostore.relationshiptypestore.db: 2014-11-15T16:29:46-0500 - 0.00 B
      neostore.relationshiptypestore.db.id: 2014-11-15T16:29:46-0500 - 9.00 B
      neostore.relationshiptypestore.db.names: 2014-11-15T16:29:46-0500 - 38.00 B
      neostore.relationshiptypestore.db.names.id: 2014-11-15T16:29:46-0500 - 9.00 B
      neostore.schemastore.db: 2014-11-15T16:29:46-0500 - 64.00 B
      neostore.schemastore.db.id: 2014-11-15T16:29:46-0500 - 9.00 B
      nioneo_logical.log.1: 2014-11-15T16:29:47-0500 - 16.00 B
      nioneo_logical.log.active: 2014-11-15T16:29:47-0500 - 4.00 B
      schema:
        label:
          lucene:
            write.lock: 2014-11-15T16:29:46-0500 - 0.00 B
          - Total: 2014-11-15T16:29:46-0500 - 0.00 B
        - Total: 2014-11-15T16:29:46-0500 - 0.00 B
      - Total: 2014-11-15T16:29:46-0500 - 0.00 B
      store_lock: 2014-11-15T16:29:45-0500 - 0.00 B
      tm_tx_log.1: 2014-11-15T16:29:47-0500 - 0.00 B
2014-11-15 21:29:47.302+0000 INFO  [org.neo4j]: --- STARTED diagnostics for KernelDiagnostics:StoreFiles END ---
2014-11-15 21:29:47.405+0000 INFO  [org.neo4j]: Database is now ready
2014-11-15 21:29:47.564+0000 INFO  [org.neo4j]: Index population started: [:User(Username) [provider: {key=lucene, version=1.0}]]
2014-11-15 21:29:47.632+0000 INFO  [org.neo4j]: Index population completed. Index is now online: [:User(Username) [provider: {key=lucene, version=1.0}]]
2014-11-15 21:31:14.179+0000 INFO  [org.neo4j]: Shutdown started
2014-11-15 21:31:14.181+0000 INFO  [org.neo4j]: Database is now unavailable
2014-11-15 21:31:14.194+0000 INFO  [org.neo4j]: Closed log ./DBData/index/lucene.log
2014-11-15 21:31:14.196+0000 INFO  [org.neo4j]: TM shutting down
2014-11-15 21:31:14.207+0000 INFO  [org.neo4j]: Closed log ./DBData/nioneo_logical.log
2014-11-15 21:31:14.214+0000 INFO  [org.neo4j]: ./DBData/neostore.relationshiptypestore.db.names hit=0 miss=0 switches=0 ooe=0
2014-11-15 21:31:14.216+0000 INFO  [org.neo4j]: ./DBData/neostore.relationshiptypestore.db hit=0 miss=0 switches=0 ooe=0
2014-11-15 21:31:14.218+0000 INFO  [org.neo4j]: ./DBData/neostore.labeltokenstore.db.names hit=0 miss=1 switches=0 ooe=0
2014-11-15 21:31:14.220+0000 INFO  [org.neo4j]: ./DBData/neostore.labeltokenstore.db hit=0 miss=1 switches=0 ooe=0
2014-11-15 21:31:14.222+0000 INFO  [org.neo4j]: ./DBData/neostore.propertystore.db.strings hit=0 miss=0 switches=0 ooe=0
2014-11-15 21:31:14.224+0000 INFO  [org.neo4j]: ./DBData/neostore.propertystore.db.index.keys hit=0 miss=3 switches=0 ooe=0
2014-11-15 21:31:14.225+0000 INFO  [org.neo4j]: ./DBData/neostore.propertystore.db.index hit=0 miss=3 switches=0 ooe=0
2014-11-15 21:31:14.227+0000 INFO  [org.neo4j]: ./DBData/neostore.propertystore.db.arrays hit=0 miss=0 switches=0 ooe=0
2014-11-15 21:31:14.229+0000 INFO  [org.neo4j]: ./DBData/neostore.propertystore.db hit=2 miss=0 switches=0 ooe=0
2014-11-15 21:31:14.231+0000 INFO  [org.neo4j]: ./DBData/neostore.relationshipstore.db hit=0 miss=0 switches=0 ooe=0
2014-11-15 21:31:14.232+0000 INFO  [org.neo4j]: ./DBData/neostore.nodestore.db.labels hit=0 miss=0 switches=0 ooe=0
2014-11-15 21:31:14.235+0000 INFO  [org.neo4j]: ./DBData/neostore.nodestore.db hit=1 miss=0 switches=0 ooe=0
2014-11-15 21:31:14.238+0000 INFO  [org.neo4j]: ./DBData/neostore.schemastore.db hit=0 miss=10 switches=0 ooe=0
2014-11-15 21:31:14.239+0000 INFO  [org.neo4j]: ./DBData/neostore.relationshipgroupstore.db hit=0 miss=0 switches=0 ooe=0
2014-11-15 21:31:14.243+0000 INFO  [org.neo4j]: ./DBData/neostore hit=0 miss=29 switches=0 ooe=0
2014-11-15 21:31:14.245+0000 INFO  [org.neo4j]: NeoStore closed
2014-11-15 21:31:14.246+0000 INFO  [org.neo4j]: --- STOPPING diagnostics START ---
2014-11-15 21:31:14.246+0000 INFO  [org.neo4j]: --- STOPPING diagnostics END ---
